# JRE version: OpenJDK Runtime Environment Temurin-21.0.7+6 (21.0.7+6) (build 21.0.7+6-LTS)
# Java VM: OpenJDK 64-Bit Server VM Temurin-21.0.7+6 (21.0.7+6-LTS, mixed mode, sharing, tiered, compressed oops, compressed class ptrs, parallel gc, windows-amd64)
GC Precious Log:
 CardTable entry size: 512
 CPUs: 12 total, 12 available
 Memory: 16087M
 Large Page Support: Disabled
 NUMA Support: Disabled
 Compressed Oops: Enabled (32-bit)
 Alignments: Space 512K, Generation 512K, Heap 2M
 Heap Min Capacity: 100M
 Heap Initial Capacity: 100M
 Heap Max Capacity: 2G
 Pre-touch: Disabled
 Parallel Workers: 10
Heap:
 PSYoungGen      total 20480K, used 9726K [0x00000000d5580000, 0x00000000d6c00000, 0x0000000100000000)
  eden space 17920K, 50% used [0x00000000d5580000,0x00000000d5e45428,0x00000000d6700000)
  from space 2560K, 29% used [0x00000000d6780000,0x00000000d683a548,0x00000000d6a00000)
  to   space 1536K, 0% used [0x00000000d6a80000,0x00000000d6a80000,0x00000000d6c00000)
 ParOldGen       total 68608K, used 44122K [0x0000000080000000, 0x0000000084300000, 0x00000000d5580000)
  object space 68608K, 64% used [0x0000000080000000,0x0000000082b16ab8,0x0000000084300000)
 Metaspace       used 59144K, committed 60544K, reserved 1114112K
  class space    used 6276K, committed 6912K, reserved 1048576K
GC Heap History (20 events):
Event: 1340.020 GC heap before
{Heap before GC invocations=49 (full 2):
 PSYoungGen      total 20992K, used 20800K [0x00000000d5580000, 0x00000000d6d80000, 0x0000000100000000)
  eden space 18944K, 100% used [0x00000000d5580000,0x00000000d6800000,0x00000000d6800000)
  from space 2048K, 90% used [0x00000000d6b80000,0x00000000d6d50000,0x00000000d6d80000)
  to   space 2560K, 0% used [0x00000000d6880000,0x00000000d6880000,0x00000000d6b00000)
 ParOldGen       total 68608K, used 35944K [0x0000000080000000, 0x0000000084300000, 0x00000000d5580000)
  object space 68608K, 52% used [0x0000000080000000,0x000000008231a320,0x0000000084300000)
 Metaspace       used 56063K, committed 57472K, reserved 1114112K
  class space    used 6013K, committed 6656K, reserved 1048576K
}
Event: 1340.025 GC heap after
{Heap after GC invocations=49 (full 2):
 PSYoungGen      total 20992K, used 1796K [0x00000000d5580000, 0x00000000d6c00000, 0x0000000100000000)
  eden space 18944K, 0% used [0x00000000d5580000,0x00000000d5580000,0x00000000d6800000)
  from space 2048K, 87% used [0x00000000d6880000,0x00000000d6a41000,0x00000000d6a80000)
  to   space 1536K, 0% used [0x00000000d6a80000,0x00000000d6a80000,0x00000000d6c00000)
 ParOldGen       total 68608K, used 37607K [0x0000000080000000, 0x0000000084300000, 0x00000000d5580000)
  object space 68608K, 54% used [0x0000000080000000,0x00000000824b9cd0,0x0000000084300000)
 Metaspace       used 56063K, committed 57472K, reserved 1114112K
  class space    used 6013K, committed 6656K, reserved 1048576K
}
Event: 1340.285 GC heap before
{Heap before GC invocations=50 (full 2):
 PSYoungGen      total 20992K, used 20740K [0x00000000d5580000, 0x00000000d6c00000, 0x0000000100000000)
  eden space 18944K, 100% used [0x00000000d5580000,0x00000000d6800000,0x00000000d6800000)
  from space 2048K, 87% used [0x00000000d6880000,0x00000000d6a41000,0x00000000d6a80000)
  to   space 1536K, 0% used [0x00000000d6a80000,0x00000000d6a80000,0x00000000d6c00000)
 ParOldGen       total 68608K, used 37607K [0x0000000080000000, 0x0000000084300000, 0x00000000d5580000)
  object space 68608K, 54% used [0x0000000080000000,0x00000000824b9cd0,0x0000000084300000)
 Metaspace       used 56348K, committed 57664K, reserved 1114112K
  class space    used 6043K, committed 6656K, reserved 1048576K
}
Event: 1340.294 GC heap after
{Heap after GC invocations=50 (full 2):
 PSYoungGen      total 19456K, used 1520K [0x00000000d5580000, 0x00000000d6f00000, 0x0000000100000000)
  eden space 17920K, 0% used [0x00000000d5580000,0x00000000d5580000,0x00000000d6700000)
  from space 1536K, 98% used [0x00000000d6a80000,0x00000000d6bfc010,0x00000000d6c00000)
  to   space 3584K, 0% used [0x00000000d6700000,0x00000000d6700000,0x00000000d6a80000)
 ParOldGen       total 68608K, used 39295K [0x0000000080000000, 0x0000000084300000, 0x00000000d5580000)
  object space 68608K, 57% used [0x0000000080000000,0x000000008265fdd0,0x0000000084300000)
 Metaspace       used 56348K, committed 57664K, reserved 1114112K
  class space    used 6043K, committed 6656K, reserved 1048576K
}
Event: 1340.692 GC heap before
{Heap before GC invocations=51 (full 2):
 PSYoungGen      total 19456K, used 19440K [0x00000000d5580000, 0x00000000d6f00000, 0x0000000100000000)
  eden space 17920K, 100% used [0x00000000d5580000,0x00000000d6700000,0x00000000d6700000)
  from space 1536K, 98% used [0x00000000d6a80000,0x00000000d6bfc010,0x00000000d6c00000)
  to   space 3584K, 0% used [0x00000000d6700000,0x00000000d6700000,0x00000000d6a80000)
 ParOldGen       total 68608K, used 39295K [0x0000000080000000, 0x0000000084300000, 0x00000000d5580000)
  object space 68608K, 57% used [0x0000000080000000,0x000000008265fdd0,0x0000000084300000)
 Metaspace       used 56445K, committed 57792K, reserved 1114112K
  class space    used 6055K, committed 6656K, reserved 1048576K
}
Event: 1340.696 GC heap after
{Heap after GC invocations=51 (full 2):
 PSYoungGen      total 19968K, used 1664K [0x00000000d5580000, 0x00000000d6c00000, 0x0000000100000000)
  eden space 17920K, 0% used [0x00000000d5580000,0x00000000d5580000,0x00000000d6700000)
  from space 2048K, 81% used [0x00000000d6700000,0x00000000d68a0010,0x00000000d6900000)
  to   space 2560K, 0% used [0x00000000d6980000,0x00000000d6980000,0x00000000d6c00000)
 ParOldGen       total 68608K, used 40767K [0x0000000080000000, 0x0000000084300000, 0x00000000d5580000)
  object space 68608K, 59% used [0x0000000080000000,0x00000000827cfde0,0x0000000084300000)
 Metaspace       used 56445K, committed 57792K, reserved 1114112K
  class space    used 6055K, committed 6656K, reserved 1048576K
}
Event: 1341.100 GC heap before
{Heap before GC invocations=52 (full 2):
 PSYoungGen      total 19968K, used 19584K [0x00000000d5580000, 0x00000000d6c00000, 0x0000000100000000)
  eden space 17920K, 100% used [0x00000000d5580000,0x00000000d6700000,0x00000000d6700000)
  from space 2048K, 81% used [0x00000000d6700000,0x00000000d68a0010,0x00000000d6900000)
  to   space 2560K, 0% used [0x00000000d6980000,0x00000000d6980000,0x00000000d6c00000)
 ParOldGen       total 68608K, used 40767K [0x0000000080000000, 0x0000000084300000, 0x00000000d5580000)
  object space 68608K, 59% used [0x0000000080000000,0x00000000827cfde0,0x0000000084300000)
 Metaspace       used 56499K, committed 57920K, reserved 1114112K
  class space    used 6068K, committed 6720K, reserved 1048576K
}
Event: 1341.107 GC heap after
{Heap after GC invocations=52 (full 2):
 PSYoungGen      total 19456K, used 1440K [0x00000000d5580000, 0x00000000d6b00000, 0x0000000100000000)
  eden space 17920K, 0% used [0x00000000d5580000,0x00000000d5580000,0x00000000d6700000)
  from space 1536K, 93% used [0x00000000d6980000,0x00000000d6ae8000,0x00000000d6b00000)
  to   space 2048K, 0% used [0x00000000d6700000,0x00000000d6700000,0x00000000d6900000)
 ParOldGen       total 68608K, used 42287K [0x0000000080000000, 0x0000000084300000, 0x00000000d5580000)
  object space 68608K, 61% used [0x0000000080000000,0x000000008294bdf0,0x0000000084300000)
 Metaspace       used 56499K, committed 57920K, reserved 1114112K
  class space    used 6068K, committed 6720K, reserved 1048576K
}
Event: 1341.945 GC heap before
{Heap before GC invocations=53 (full 2):
 PSYoungGen      total 19456K, used 19337K [0x00000000d5580000, 0x00000000d6b00000, 0x0000000100000000)
  eden space 17920K, 99% used [0x00000000d5580000,0x00000000d66fa4e8,0x00000000d6700000)
  from space 1536K, 93% used [0x00000000d6980000,0x00000000d6ae8000,0x00000000d6b00000)
  to   space 2048K, 0% used [0x00000000d6700000,0x00000000d6700000,0x00000000d6900000)
 ParOldGen       total 68608K, used 42287K [0x0000000080000000, 0x0000000084300000, 0x00000000d5580000)
  object space 68608K, 61% used [0x0000000080000000,0x000000008294bdf0,0x0000000084300000)
 Metaspace       used 57279K, committed 58624K, reserved 1114112K
  class space    used 6113K, committed 6720K, reserved 1048576K
}
Event: 1341.952 GC heap after
{Heap after GC invocations=53 (full 2):
 PSYoungGen      total 19968K, used 2043K [0x00000000d5580000, 0x00000000d7100000, 0x0000000100000000)
  eden space 17920K, 0% used [0x00000000d5580000,0x00000000d5580000,0x00000000d6700000)
  from space 2048K, 99% used [0x00000000d6700000,0x00000000d68feed8,0x00000000d6900000)
  to   space 5120K, 0% used [0x00000000d6c00000,0x00000000d6c00000,0x00000000d7100000)
 ParOldGen       total 68608K, used 44447K [0x0000000080000000, 0x0000000084300000, 0x00000000d5580000)
  object space 68608K, 64% used [0x0000000080000000,0x0000000082b67ff0,0x0000000084300000)
 Metaspace       used 57279K, committed 58624K, reserved 1114112K
  class space    used 6113K, committed 6720K, reserved 1048576K
}
Event: 1342.771 GC heap before
{Heap before GC invocations=54 (full 2):
 PSYoungGen      total 19968K, used 19963K [0x00000000d5580000, 0x00000000d7100000, 0x0000000100000000)
  eden space 17920K, 100% used [0x00000000d5580000,0x00000000d6700000,0x00000000d6700000)
  from space 2048K, 99% used [0x00000000d6700000,0x00000000d68feed8,0x00000000d6900000)
  to   space 5120K, 0% used [0x00000000d6c00000,0x00000000d6c00000,0x00000000d7100000)
 ParOldGen       total 68608K, used 44447K [0x0000000080000000, 0x0000000084300000, 0x00000000d5580000)
  object space 68608K, 64% used [0x0000000080000000,0x0000000082b67ff0,0x0000000084300000)
 Metaspace       used 58292K, committed 59712K, reserved 1114112K
  class space    used 6211K, committed 6848K, reserved 1048576K
}
Event: 1342.777 GC heap after
{Heap after GC invocations=54 (full 2):
 PSYoungGen      total 19456K, used 1065K [0x00000000d5580000, 0x00000000d6d80000, 0x0000000100000000)
  eden space 17920K, 0% used [0x00000000d5580000,0x00000000d5580000,0x00000000d6700000)
  from space 1536K, 69% used [0x00000000d6c00000,0x00000000d6d0a5f8,0x00000000d6d80000)
  to   space 2560K, 0% used [0x00000000d6880000,0x00000000d6880000,0x00000000d6b00000)
 ParOldGen       total 68608K, used 46448K [0x0000000080000000, 0x0000000084300000, 0x00000000d5580000)
  object space 68608K, 67% used [0x0000000080000000,0x0000000082d5c370,0x0000000084300000)
 Metaspace       used 58292K, committed 59712K, reserved 1114112K
  class space    used 6211K, committed 6848K, reserved 1048576K
}
Event: 1342.835 GC heap before
{Heap before GC invocations=55 (full 2):
 PSYoungGen      total 19456K, used 2124K [0x00000000d5580000, 0x00000000d6d80000, 0x0000000100000000)
  eden space 17920K, 5% used [0x00000000d5580000,0x00000000d5688b10,0x00000000d6700000)
  from space 1536K, 69% used [0x00000000d6c00000,0x00000000d6d0a5f8,0x00000000d6d80000)
  to   space 2560K, 0% used [0x00000000d6880000,0x00000000d6880000,0x00000000d6b00000)
 ParOldGen       total 68608K, used 46448K [0x0000000080000000, 0x0000000084300000, 0x00000000d5580000)
  object space 68608K, 67% used [0x0000000080000000,0x0000000082d5c370,0x0000000084300000)
 Metaspace       used 58401K, committed 59776K, reserved 1114112K
  class space    used 6214K, committed 6848K, reserved 1048576K
}
Event: 1342.837 GC heap after
{Heap after GC invocations=55 (full 2):
 PSYoungGen      total 20480K, used 256K [0x00000000d5580000, 0x00000000d6c80000, 0x0000000100000000)
  eden space 17920K, 0% used [0x00000000d5580000,0x00000000d5580000,0x00000000d6700000)
  from space 2560K, 10% used [0x00000000d6880000,0x00000000d68c0000,0x00000000d6b00000)
  to   space 1024K, 0% used [0x00000000d6b80000,0x00000000d6b80000,0x00000000d6c80000)
 ParOldGen       total 68608K, used 47297K [0x0000000080000000, 0x0000000084300000, 0x00000000d5580000)
  object space 68608K, 68% used [0x0000000080000000,0x0000000082e30768,0x0000000084300000)
 Metaspace       used 58401K, committed 59776K, reserved 1114112K
  class space    used 6214K, committed 6848K, reserved 1048576K
}
Event: 1342.837 GC heap before
{Heap before GC invocations=56 (full 3):
 PSYoungGen      total 20480K, used 256K [0x00000000d5580000, 0x00000000d6c80000, 0x0000000100000000)
  eden space 17920K, 0% used [0x00000000d5580000,0x00000000d5580000,0x00000000d6700000)
  from space 2560K, 10% used [0x00000000d6880000,0x00000000d68c0000,0x00000000d6b00000)
  to   space 1024K, 0% used [0x00000000d6b80000,0x00000000d6b80000,0x00000000d6c80000)
 ParOldGen       total 68608K, used 47297K [0x0000000080000000, 0x0000000084300000, 0x00000000d5580000)
  object space 68608K, 68% used [0x0000000080000000,0x0000000082e30768,0x0000000084300000)
 Metaspace       used 58401K, committed 59776K, reserved 1114112K
  class space    used 6214K, committed 6848K, reserved 1048576K
}
Event: 1343.157 GC heap after
{Heap after GC invocations=56 (full 3):
 PSYoungGen      total 20480K, used 0K [0x00000000d5580000, 0x00000000d6c80000, 0x0000000100000000)
  eden space 17920K, 0% used [0x00000000d5580000,0x00000000d5580000,0x00000000d6700000)
  from space 2560K, 0% used [0x00000000d6880000,0x00000000d6880000,0x00000000d6b00000)
  to   space 1024K, 0% used [0x00000000d6b80000,0x00000000d6b80000,0x00000000d6c80000)
 ParOldGen       total 68608K, used 42621K [0x0000000080000000, 0x0000000084300000, 0x00000000d5580000)
  object space 68608K, 62% used [0x0000000080000000,0x000000008299f518,0x0000000084300000)
 Metaspace       used 58401K, committed 59776K, reserved 1114112K
  class space    used 6214K, committed 6848K, reserved 1048576K
}
Event: 1343.630 GC heap before
{Heap before GC invocations=57 (full 3):
 PSYoungGen      total 20480K, used 17881K [0x00000000d5580000, 0x00000000d6c80000, 0x0000000100000000)
  eden space 17920K, 99% used [0x00000000d5580000,0x00000000d66f66a0,0x00000000d6700000)
  from space 2560K, 0% used [0x00000000d6880000,0x00000000d6880000,0x00000000d6b00000)
  to   space 1024K, 0% used [0x00000000d6b80000,0x00000000d6b80000,0x00000000d6c80000)
 ParOldGen       total 68608K, used 42621K [0x0000000080000000, 0x0000000084300000, 0x00000000d5580000)
  object space 68608K, 62% used [0x0000000080000000,0x000000008299f518,0x0000000084300000)
 Metaspace       used 59048K, committed 60416K, reserved 1114112K
  class space    used 6276K, committed 6912K, reserved 1048576K
}
Event: 1343.632 GC heap after
{Heap after GC invocations=57 (full 3):
 PSYoungGen      total 18944K, used 1017K [0x00000000d5580000, 0x00000000d6c80000, 0x0000000100000000)
  eden space 17920K, 0% used [0x00000000d5580000,0x00000000d5580000,0x00000000d6700000)
  from space 1024K, 99% used [0x00000000d6b80000,0x00000000d6c7e5d0,0x00000000d6c80000)
  to   space 2560K, 0% used [0x00000000d6780000,0x00000000d6780000,0x00000000d6a00000)
 ParOldGen       total 68608K, used 43643K [0x0000000080000000, 0x0000000084300000, 0x00000000d5580000)
  object space 68608K, 63% used [0x0000000080000000,0x0000000082a9ee00,0x0000000084300000)
 Metaspace       used 59048K, committed 60416K, reserved 1114112K
  class space    used 6276K, committed 6912K, reserved 1048576K
}
Event: 1344.773 GC heap before
{Heap before GC invocations=58 (full 3):
 PSYoungGen      total 18944K, used 18937K [0x00000000d5580000, 0x00000000d6c80000, 0x0000000100000000)
  eden space 17920K, 100% used [0x00000000d5580000,0x00000000d6700000,0x00000000d6700000)
  from space 1024K, 99% used [0x00000000d6b80000,0x00000000d6c7e5d0,0x00000000d6c80000)
  to   space 2560K, 0% used [0x00000000d6780000,0x00000000d6780000,0x00000000d6a00000)
 ParOldGen       total 68608K, used 43643K [0x0000000080000000, 0x0000000084300000, 0x00000000d5580000)
  object space 68608K, 63% used [0x0000000080000000,0x0000000082a9ee00,0x0000000084300000)
 Metaspace       used 59075K, committed 60480K, reserved 1114112K
  class space    used 6276K, committed 6912K, reserved 1048576K
}
Event: 1344.774 GC heap after
{Heap after GC invocations=58 (full 3):
 PSYoungGen      total 20480K, used 745K [0x00000000d5580000, 0x00000000d6c00000, 0x0000000100000000)
  eden space 17920K, 0% used [0x00000000d5580000,0x00000000d5580000,0x00000000d6700000)
  from space 2560K, 29% used [0x00000000d6780000,0x00000000d683a548,0x00000000d6a00000)
  to   space 1536K, 0% used [0x00000000d6a80000,0x00000000d6a80000,0x00000000d6c00000)
 ParOldGen       total 68608K, used 44122K [0x0000000080000000, 0x0000000084300000, 0x00000000d5580000)
  object space 68608K, 64% used [0x0000000080000000,0x0000000082b16ab8,0x0000000084300000)
 Metaspace       used 59075K, committed 60480K, reserved 1114112K
  class space    used 6276K, committed 6912K, reserved 1048576K
}

